2013-12-16 14:50:27,744 - Trying to use logger class org.apache.velocity.runtime.log.Log4JLogChute
2013-12-16 14:50:27,744 - Using logger class org.apache.velocity.runtime.log.Log4JLogChute
2013-12-16 14:50:27,748 - Default ResourceManager initializing. (class org.apache.velocity.runtime.resource.ResourceManagerImpl)
2013-12-16 14:50:27,751 - ResourceLoader instantiated: org.apache.velocity.runtime.resource.loader.FileResourceLoader
2013-12-16 14:50:27,752 - Do unicode file recognition:  false
2013-12-16 14:50:27,752 - FileResourceLoader : adding path '/Users/ericang/implookGIT/implook-VERSIONS/0-CONTROL_131216/0-CONTROL-SIMPLE'
2013-12-16 14:50:27,764 - ResourceCache: initialized (class org.apache.velocity.runtime.resource.ResourceCacheImpl)
2013-12-16 14:50:27,766 - Loaded System Directive: org.apache.velocity.runtime.directive.Literal
2013-12-16 14:50:27,767 - Loaded System Directive: org.apache.velocity.runtime.directive.Macro
2013-12-16 14:50:27,768 - Loaded System Directive: org.apache.velocity.runtime.directive.Parse
2013-12-16 14:50:27,769 - Loaded System Directive: org.apache.velocity.runtime.directive.Include
2013-12-16 14:50:27,770 - Loaded System Directive: org.apache.velocity.runtime.directive.Foreach
2013-12-16 14:50:27,790 - Created '20' parsers.
2013-12-16 14:50:27,795 - Velocimacro : "velocimacro.library" is not set.  Trying default library: VM_global_library.vm
2013-12-16 14:50:27,795 - Velocimacro : Default library not found.
2013-12-16 14:50:27,795 - Velocimacro : allowInline = true : VMs can be defined inline in templates
2013-12-16 14:50:27,795 - Velocimacro : allowInlineToOverride = false : VMs defined inline may NOT replace previous VM definitions
2013-12-16 14:50:27,795 - Velocimacro : allowInlineLocal = false : VMs defined inline will be global in scope if allowed.
2013-12-16 14:50:27,795 - Velocimacro : autoload off : VM system will not automatically reload global library macros
2013-12-16 14:50:27,800 - ResourceManager : found eyimplook.question with loader org.apache.velocity.runtime.resource.loader.FileResourceLoader
2013-12-16 14:50:27,806 - Log4JLogChute initialized using file 'velocity.log'
2013-12-16 14:50:27,806 - Starting Apache Velocity v1.5 (compiled: 2007-02-22 08:52:29)
2013-12-16 14:50:27,806 - Default Properties File: org/apache/velocity/runtime/defaults/velocity.properties
2013-12-16 14:50:27,806 - Trying to use logger class org.apache.velocity.runtime.log.AvalonLogChute
2013-12-16 14:50:27,806 - Couldn't find class org.apache.velocity.runtime.log.AvalonLogChute or necessary supporting classes in classpath.
java.lang.NoClassDefFoundError: org/apache/log/format/Formatter
	at java.lang.Class.forName0(Native Method)
	at java.lang.Class.forName(Class.java:270)
	at org.apache.velocity.util.ClassUtils.getClass(ClassUtils.java:63)
	at org.apache.velocity.util.ClassUtils.getNewInstance(ClassUtils.java:95)
	at org.apache.velocity.runtime.log.LogManager.createLogChute(LogManager.java:147)
	at org.apache.velocity.runtime.log.LogManager.updateLog(LogManager.java:208)
	at org.apache.velocity.runtime.RuntimeInstance.initializeLog(RuntimeInstance.java:728)
	at org.apache.velocity.runtime.RuntimeInstance.init(RuntimeInstance.java:240)
	at org.apache.velocity.runtime.RuntimeSingleton.init(RuntimeSingleton.java:113)
	at org.apache.velocity.app.Velocity.init(Velocity.java:83)
	at com.amazonaws.mturk.util.VelocityUtil.doMerge(VelocityUtil.java:34)
	at com.amazonaws.mturk.addon.HITProperties.getMaxAssignments(HITProperties.java:268)
	at com.amazonaws.mturk.cmd.LoadHITs.loadHITs(LoadHITs.java:226)
	at com.amazonaws.mturk.cmd.LoadHITs.runCommand(LoadHITs.java:120)
	at com.amazonaws.mturk.cmd.AbstractCmd.run(AbstractCmd.java:148)
	at com.amazonaws.mturk.cmd.LoadHITs.main(LoadHITs.java:55)
Caused by: java.lang.ClassNotFoundException: org.apache.log.format.Formatter
	at java.net.URLClassLoader$1.run(URLClassLoader.java:366)
	at java.net.URLClassLoader$1.run(URLClassLoader.java:355)
	at java.security.AccessController.doPrivileged(Native Method)
	at java.net.URLClassLoader.findClass(URLClassLoader.java:354)
	at java.lang.ClassLoader.loadClass(ClassLoader.java:425)
	at sun.misc.Launcher$AppClassLoader.loadClass(Launcher.java:308)
	at java.lang.ClassLoader.loadClass(ClassLoader.java:358)
	... 16 more
2013-12-16 14:50:27,807 - Trying to use logger class org.apache.velocity.runtime.log.Log4JLogChute
2013-12-16 14:50:27,807 - Using logger class org.apache.velocity.runtime.log.Log4JLogChute
2013-12-16 14:50:27,807 - Default ResourceManager initializing. (class org.apache.velocity.runtime.resource.ResourceManagerImpl)
2013-12-16 14:50:27,808 - ResourceLoader instantiated: org.apache.velocity.runtime.resource.loader.FileResourceLoader
2013-12-16 14:50:27,808 - Do unicode file recognition:  false
2013-12-16 14:50:27,808 - FileResourceLoader : adding path '.'
2013-12-16 14:50:27,808 - ResourceCache: initialized (class org.apache.velocity.runtime.resource.ResourceCacheImpl)
2013-12-16 14:50:27,808 - Loaded System Directive: org.apache.velocity.runtime.directive.Literal
2013-12-16 14:50:27,808 - Loaded System Directive: org.apache.velocity.runtime.directive.Macro
2013-12-16 14:50:27,808 - Loaded System Directive: org.apache.velocity.runtime.directive.Parse
2013-12-16 14:50:27,808 - Loaded System Directive: org.apache.velocity.runtime.directive.Include
2013-12-16 14:50:27,808 - Loaded System Directive: org.apache.velocity.runtime.directive.Foreach
2013-12-16 14:50:27,809 - Created '20' parsers.
2013-12-16 14:50:27,810 - Velocimacro : "velocimacro.library" is not set.  Trying default library: VM_global_library.vm
2013-12-16 14:50:27,810 - Velocimacro : Default library not found.
2013-12-16 14:50:27,810 - Velocimacro : allowInline = true : VMs can be defined inline in templates
2013-12-16 14:50:27,810 - Velocimacro : allowInlineToOverride = false : VMs defined inline may NOT replace previous VM definitions
2013-12-16 14:50:27,810 - Velocimacro : allowInlineLocal = false : VMs defined inline will be global in scope if allowed.
2013-12-16 14:50:27,810 - Velocimacro : autoload off : VM system will not automatically reload global library macros
ying to use logger class org.apache.velocity.runtime.log.Log4JLogChute
2013-12-16 14:50:27,807 - Using logger class org.apache.velocity.runtime.log.Log4JLogChute
2013-12-16 14:50:27,807 - Default ResourceManager initializing. (class org.apache.velocity.runtime.resource.ResourceManagerImpl)
2013-12-16 14:50:27,808 - ResourceLoader instantiated: org.apache.velocity.runtime.resource.loader.FileResourceLoader
2013-12-16 14:50:27,808 - Do unicode file recognition:  false
2013-12-16 14:50:27,808 - FileResourceLoader : adding path '.'
2013-12-16 14:50:27,808 - ResourceCache: initialized (class org.apache.velocity.runtime.resource.ResourceCacheImpl)
2013-12-16 14:50:27,808 - Loaded System Directive: org.apache.velocity.runtime.directive.Literal
2013-12-16 14:50:27,808 - Loaded System Directive: org.apache.velocity.runtime.directive.Macro
2013-12-16 14:50:27,808 - Loaded System Directive: org.apache.velocity.runtime.directive.Parse
2013-12-16 14:50:27,808 - Loaded System Directive: org.apache.velocity.runtime.directive.Include
2013-12-16 14:50:27,808 - Loaded System Directive: org.apache.velocity.runtime.directive.Foreach
2013-12-16 14:50:27,809 - Created '20' parsers.
2013-12-16 14:50:27,810 - Velocimacro : "velocimacro.library" is not set.  Trying default library: VM_global_library.vm
2013-12-16 14:50:27,810 - Velocimacro : Default library not found.
2013-12-16 14:50:27,810 - Velocimacro : allowInline = true : VMs can be defined inline in templates
2013-12-16 14:50:27,810 - Velocimacro : allowInlineToOverride = false : VMs defined inline may NOT replace previous VM definitions
2013-12-16 14:50:27,810 - Velocimacro : allowInlineLocal = false : VMs defined inline will be global in scope if allowed.
2013-12-16 14:50:27,810 - Velocimacro : autoload off : VM system will not automatically reload global library macros
2013-12-16 14:52:26,019 - Log4JLogChute initialized using file 'velocity.log'
2013-12-16 14:52:26,019 - Starting Apache Velocity v1.5 (compiled: 2007-02-22 08:52:29)
2013-12-16 14:52:26,019 - Default Properties File: org/apache/velocity/runtime/defaults/velocity.properties
2013-12-16 14:52:26,019 - Trying to use logger class org.apache.velocity.runtime.log.AvalonLogChute
2013-12-16 14:52:26,020 - Couldn't find class org.apache.velocity.runtime.log.AvalonLogChute or necessary supporting classes in classpath.
java.lang.NoClassDefFoundError: org/apache/log/format/Formatter
	at java.lang.Class.forName0(Native Method)
	at java.lang.Class.forName(Class.java:270)
	at org.apache.velocity.util.ClassUtils.getClass(ClassUtils.java:63)
	at org.apache.velocity.util.ClassUtils.getNewInstance(ClassUtils.java:95)
	at org.apache.velocity.runtime.log.LogManager.createLogChute(LogManager.java:147)
	at org.apache.velocity.runtime.log.LogManager.updateLog(LogManager.java:208)
	at org.apache.velocity.runtime.RuntimeInstance.initializeLog(RuntimeInstance.java:728)
	at org.apache.velocity.runtime.RuntimeInstance.init(RuntimeInstance.java:240)
	at org.apache.velocity.runtime.RuntimeInstance.init(RuntimeInstance.java:534)
	at org.apache.velocity.app.VelocityEngine.init(VelocityEngine.java:144)
	at com.amazonaws.mturk.addon.HITQuestion.<init>(HITQuestion.java:69)
	at com.amazonaws.mturk.cmd.LoadHITs.loadHITs(LoadHITs.java:185)
	at com.amazonaws.mturk.cmd.LoadHITs.runCommand(LoadHITs.java:120)
	at com.amazonaws.mturk.cmd.AbstractCmd.run(AbstractCmd.java:148)
	at com.amazonaws.mturk.cmd.LoadHITs.main(LoadHITs.java:55)
Caused by: java.lang.ClassNotFoundException: org.apache.log.format.Formatter
	at java.net.URLClassLoader$1.run(URLClassLoader.java:366)
	at java.net.URLClassLoader$1.run(URLClassLoader.java:355)
	at java.security.AccessController.doPrivileged(Native Method)
	at java.net.URLClassLoader.findClass(URLClassLoader.java:354)
	at java.lang.ClassLoader.loadClass(ClassLoader.java:425)
	at sun.misc.Launcher$AppClassLoader.loadClass(Launcher.java:308)
	at java.lang.ClassLoader.loadClass(ClassLoader.java:358)
	... 15 more
2013-12-16 14:52:26,021 - Trying to use logger class org.apache.velocity.runtime.log.Log4JLogChute
2013-12-16 14:52:26,021 - Using logger class org.apache.velocity.runtime.log.Log4JLogChute
2013-12-16 14:52:26,023 - Default ResourceManager initializing. (class org.apache.velocity.runtime.resource.ResourceManagerImpl)
2013-12-16 14:52:26,026 - ResourceLoader instantiated: org.apache.velocity.runtime.resource.loader.FileResourceLoader
2013-12-16 14:52:26,027 - Do unicode file recognition:  false
2013-12-16 14:52:26,027 - FileResourceLoader : adding path '/Users/ericang/implookGIT/implook-VERSIONS/0-CONTROL_131216/0-CONTROL-SIMPLE'
2013-12-16 14:52:26,037 - ResourceCache: initialized (class org.apache.velocity.runtime.resource.ResourceCacheImpl)
2013-12-16 14:52:26,037 - Loaded System Directive: org.apache.velocity.runtime.directive.Literal
2013-12-16 14:52:26,038 - Loaded System Directive: org.apache.velocity.runtime.directive.Macro
2013-12-16 14:52:26,040 - Loaded System Directive: org.apache.velocity.runtime.directive.Parse
2013-12-16 14:52:26,041 - Loaded System Directive: org.apache.velocity.runtime.directive.Include
2013-12-16 14:52:26,041 - Loaded System Directive: org.apache.velocity.runtime.directive.Foreach
2013-12-16 14:52:26,062 - Created '20' parsers.
2013-12-16 14:52:26,067 - Velocimacro : "velocimacro.library" is not set.  Trying default library: VM_global_library.vm
2013-12-16 14:52:26,067 - Velocimacro : Default library not found.
2013-12-16 14:52:26,067 - Velocimacro : allowInline = true : VMs can be defined inline in templates
2013-12-16 14:52:26,067 - Velocimacro : allowInlineToOverride = false : VMs defined inline may NOT replace previous VM definitions
2013-12-16 14:52:26,067 - Velocimacro : allowInlineLocal = false : VMs defined inline will be global in scope if allowed.
2013-12-16 14:52:26,067 - Velocimacro : autoload off : VM system will not automatically reload global library macros
2013-12-16 14:52:26,072 - ResourceManager : found eyimplook.question with loader org.apache.velocity.runtime.resource.loader.FileResourceLoader
2013-12-16 14:52:26,078 - Log4JLogChute initialized using file 'velocity.log'
2013-12-16 14:52:26,078 - Log4JLogChute initialized using file 'velocity.log'
2013-12-16 14:52:26,078 - Starting Apache Velocity v1.5 (compiled: 2007-02-22 08:52:29)
2013-12-16 14:52:26,078 - Starting Apache Velocity v1.5 (compiled: 2007-02-22 08:52:29)
2013-12-16 14:52:26,078 - Default Properties File: org/apache/velocity/runtime/defaults/velocity.properties
2013-12-16 14:52:26,078 - Default Properties File: org/apache/velocity/runtime/defaults/velocity.properties
2013-12-16 14:52:26,078 - Trying to use logger class org.apache.velocity.runtime.log.AvalonLogChute
2013-12-16 14:52:26,078 - Trying to use logger class org.apache.velocity.runtime.log.AvalonLogChute
2013-12-16 14:52:26,078 - Couldn't find class org.apache.velocity.runtime.log.AvalonLogChute or necessary supporting classes in classpath.
java.lang.NoClassDefFoundError: org/apache/log/format/Formatter
	at java.lang.Class.forName0(Native Method)
	at java.lang.Class.forName(Class.java:270)
	at org.apache.velocity.util.ClassUtils.getClass(ClassUtils.java:63)
	at org.apache.velocity.util.ClassUtils.getNewInstance(ClassUtils.java:95)
	at org.apache.velocity.runtime.log.LogManager.createLogChute(LogManager.java:147)
	at org.apache.velocity.runtime.log.LogManager.updateLog(LogManager.java:208)
	at org.apache.velocity.runtime.RuntimeInstance.initializeLog(RuntimeInstance.java:728)
	at org.apache.velocity.runtime.RuntimeInstance.init(RuntimeInstance.java:240)
	at org.apache.velocity.runtime.RuntimeSingleton.init(RuntimeSingleton.java:113)
	at org.apache.velocity.app.Velocity.init(Velocity.java:83)
	at com.amazonaws.mturk.util.VelocityUtil.doMerge(VelocityUtil.java:34)
	at com.amazonaws.mturk.addon.HITProperties.getMaxAssignments(HITProperties.java:268)
	at com.amazonaws.mturk.cmd.LoadHITs.loadHITs(LoadHITs.java:226)
	at com.amazonaws.mturk.cmd.LoadHITs.runCommand(LoadHITs.java:120)
	at com.amazonaws.mturk.cmd.AbstractCmd.run(AbstractCmd.java:148)
	at com.amazonaws.mturk.cmd.LoadHITs.main(LoadHITs.java:55)
Caused by: java.lang.ClassNotFoundException: org.apache.log.format.Formatter
	at java.net.URLClassLoader$1.run(URLClassLoader.java:366)
	at java.net.URLClassLoader$1.run(URLClassLoader.java:355)
	at java.security.AccessController.doPrivileged(Native Method)
	at java.net.URLClassLoader.findClass(URLClassLoader.java:354)
	at java.lang.ClassLoader.loadClass(ClassLoader.java:425)
	at sun.misc.Launcher$AppClassLoader.loadClass(Launcher.java:308)
	at java.lang.ClassLoader.loadClass(ClassLoader.java:358)
	... 16 more
2013-12-16 14:52:26,078 - Couldn't find class org.apache.velocity.runtime.log.AvalonLogChute or necessary supporting classes in classpath.
java.lang.NoClassDefFoundError: org/apache/log/format/Formatter
	at java.lang.Class.forName0(Native Method)
	at java.lang.Class.forName(Class.java:270)
	at org.apache.velocity.util.ClassUtils.getClass(ClassUtils.java:63)
	at org.apache.velocity.util.ClassUtils.getNewInstance(ClassUtils.java:95)
	at org.apache.velocity.runtime.log.LogManager.createLogChute(LogManager.java:147)
	at org.apache.velocity.runtime.log.LogManager.updateLog(LogManager.java:208)
	at org.apache.velocity.runtime.RuntimeInstance.initializeLog(RuntimeInstance.java:728)
	at org.apache.velocity.runtime.RuntimeInstance.init(RuntimeInstance.java:240)
	at org.apache.velocity.runtime.RuntimeSingleton.init(RuntimeSingleton.java:113)
	at org.apache.velocity.app.Velocity.init(Velocity.java:83)
	at com.amazonaws.mturk.util.VelocityUtil.doMerge(VelocityUtil.java:34)
	at com.amazonaws.mturk.addon.HITProperties.getMaxAssignments(HITProperties.java:268)
	at com.amazonaws.mturk.cmd.LoadHITs.loadHITs(LoadHITs.java:226)
	at com.amazonaws.mturk.cmd.LoadHITs.runCommand(LoadHITs.java:120)
	at com.amazonaws.mturk.cmd.AbstractCmd.run(AbstractCmd.java:148)
	at com.amazonaws.mturk.cmd.LoadHITs.main(LoadHITs.java:55)
Caused by: java.lang.ClassNotFoundException: org.apache.log.format.Formatter
	at java.net.URLClassLoader$1.run(URLClassLoader.java:366)
	at java.net.URLClassLoader$1.run(URLClassLoader.java:355)
	at java.security.AccessController.doPrivileged(Native Method)
	at java.net.URLClassLoader.findClass(URLClassLoader.java:354)
	at java.lang.ClassLoader.loadClass(ClassLoader.java:425)
	at sun.misc.Launcher$AppClassLoader.loadClass(Launcher.java:308)
	at java.lang.ClassLoader.loadClass(ClassLoader.java:358)
	... 16 more
2013-12-16 14:52:26,079 - Trying to use logger class org.apache.velocity.runtime.log.Log4JLogChute
2013-12-16 14:52:26,079 - Trying to use logger class org.apache.velocity.runtime.log.Log4JLogChute
2013-12-16 14:52:26,079 - Using logger class org.apache.velocity.runtime.log.Log4JLogChute
2013-12-16 14:52:26,079 - Using logger class org.apache.velocity.runtime.log.Log4JLogChute
2013-12-16 14:52:26,079 - Default ResourceManager initializing. (class org.apache.velocity.runtime.resource.ResourceManagerImpl)
2013-12-16 14:52:26,079 - Default ResourceManager initializing. (class org.apache.velocity.runtime.resource.ResourceManagerImpl)
2013-12-16 14:52:26,080 - ResourceLoader instantiated: org.apache.velocity.runtime.resource.loader.FileResourceLoader
2013-12-16 14:52:26,080 - ResourceLoader instantiated: org.apache.velocity.runtime.resource.loader.FileResourceLoader
2013-12-16 14:52:26,080 - Do unicode file recognition:  false
2013-12-16 14:52:26,080 - Do unicode file recognition:  false
2013-12-16 14:52:26,080 - FileResourceLoader : adding path '.'
2013-12-16 14:52:26,080 - FileResourceLoader : adding path '.'
2013-12-16 14:52:26,080 - ResourceCache: initialized (class org.apache.velocity.runtime.resource.ResourceCacheImpl)
2013-12-16 14:52:26,080 - ResourceCache: initialized (class org.apache.velocity.runtime.resource.ResourceCacheImpl)
2013-12-16 14:52:26,080 - Loaded System Directive: org.apache.velocity.runtime.directive.Literal
2013-12-16 14:52:26,080 - Loaded System Directive: org.apache.velocity.runtime.directive.Literal
2013-12-16 14:52:26,080 - Loaded System Directive: org.apache.velocity.runtime.directive.Macro
2013-12-16 14:52:26,080 - Loaded System Directive: org.apache.velocity.runtime.directive.Macro
2013-12-16 14:52:26,080 - Loaded System Directive: org.apache.velocity.runtime.directive.Parse
2013-12-16 14:52:26,080 - Loaded System Directive: org.apache.velocity.runtime.directive.Parse
2013-12-16 14:52:26,080 - Loaded System Directive: org.apache.velocity.runtime.directive.Include
2013-12-16 14:52:26,080 - Loaded System Directive: org.apache.velocity.runtime.directive.Include
2013-12-16 14:52:26,080 - Loaded System Directive: org.apache.velocity.runtime.directive.Foreach
2013-12-16 14:52:26,080 - Loaded System Directive: org.apache.velocity.runtime.directive.Foreach
2013-12-16 14:52:26,081 - Created '20' parsers.
2013-12-16 14:52:26,081 - Created '20' parsers.
2013-12-16 14:52:26,081 - Velocimacro : "velocimacro.library" is not set.  Trying default library: VM_global_library.vm
2013-12-16 14:52:26,081 - Velocimacro : "velocimacro.library" is not set.  Trying default library: VM_global_library.vm
2013-12-16 14:52:26,082 - Velocimacro : Default library not found.
2013-12-16 14:52:26,082 - Velocimacro : Default library not found.
2013-12-16 14:52:26,082 - Velocimacro : allowInline = true : VMs can be defined inline in templates
2013-12-16 14:52:26,082 - Velocimacro : allowInline = true : VMs can be defined inline in templates
2013-12-16 14:52:26,082 - Velocimacro : allowInlineToOverride = false : VMs defined inline may NOT replace previous VM definitions
2013-12-16 14:52:26,082 - Velocimacro : allowInlineToOverride = false : VMs defined inline may NOT replace previous VM definitions
2013-12-16 14:52:26,082 - Velocimacro : allowInlineLocal = false : VMs defined inline will be global in scope if allowed.
2013-12-16 14:52:26,082 - Velocimacro : allowInlineLocal = false : VMs defined inline will be global in scope if allowed.
2013-12-16 14:52:26,082 - Velocimacro : autoload off : VM system will not automatically reload global library macros
2013-12-16 14:52:26,082 - Velocimacro : autoload off : VM system will not automatically reload global library macros
2013-12-16 14:54:56,986 - Log4JLogChute initialized using file 'velocity.log'
2013-12-16 14:54:56,988 - Starting Apache Velocity v1.5 (compiled: 2007-02-22 08:52:29)
2013-12-16 14:54:56,989 - Default Properties File: org/apache/velocity/runtime/defaults/velocity.properties
2013-12-16 14:54:56,989 - Trying to use logger class org.apache.velocity.runtime.log.AvalonLogChute
2013-12-16 14:54:56,989 - Couldn't find class org.apache.velocity.runtime.log.AvalonLogChute or necessary supporting classes in classpath.
java.lang.NoClassDefFoundError: org/apache/log/format/Formatter
	at java.lang.Class.forName0(Native Method)
	at java.lang.Class.forName(Class.java:270)
	at org.apache.velocity.util.ClassUtils.getClass(ClassUtils.java:63)
	at org.apache.velocity.util.ClassUtils.getNewInstance(ClassUtils.java:95)
	at org.apache.velocity.runtime.log.LogManager.createLogChute(LogManager.java:147)
	at org.apache.velocity.runtime.log.LogManager.updateLog(LogManager.java:208)
	at org.apache.velocity.runtime.RuntimeInstance.initializeLog(RuntimeInstance.java:728)
	at org.apache.velocity.runtime.RuntimeInstance.init(RuntimeInstance.java:240)
	at org.apache.velocity.runtime.RuntimeInstance.init(RuntimeInstance.java:534)
	at org.apache.velocity.app.VelocityEngine.init(VelocityEngine.java:144)
	at com.amazonaws.mturk.addon.HITQuestion.<init>(HITQuestion.java:69)
	at com.amazonaws.mturk.cmd.LoadHITs.loadHITs(LoadHITs.java:185)
	at com.amazonaws.mturk.cmd.LoadHITs.runCommand(LoadHITs.java:120)
	at com.amazonaws.mturk.cmd.AbstractCmd.run(AbstractCmd.java:148)
	at com.amazonaws.mturk.cmd.LoadHITs.main(LoadHITs.java:55)
Caused by: java.lang.ClassNotFoundException: org.apache.log.format.Formatter
	at java.net.URLClassLoader$1.run(URLClassLoader.java:366)
	at java.net.URLClassLoader$1.run(URLClassLoader.java:355)
	at java.security.AccessController.doPrivileged(Native Method)
	at java.net.URLClassLoader.findClass(URLClassLoader.java:354)
	at java.lang.ClassLoader.loadClass(ClassLoader.java:425)
	at sun.misc.Launcher$AppClassLoader.loadClass(Launcher.java:308)
	at java.lang.ClassLoader.loadClass(ClassLoader.java:358)
	... 15 more
2013-12-16 14:54:56,991 - Trying to use logger class org.apache.velocity.runtime.log.Log4JLogChute
2013-12-16 14:54:56,991 - Using logger class org.apache.velocity.runtime.log.Log4JLogChute
2013-12-16 14:54:56,994 - Default ResourceManager initializing. (class org.apache.velocity.runtime.resource.ResourceManagerImpl)
2013-12-16 14:54:56,997 - ResourceLoader instantiated: org.apache.velocity.runtime.resource.loader.FileResourceLoader
2013-12-16 14:54:56,998 - Do unicode file recognition:  false
2013-12-16 14:54:56,998 - FileResourceLoader : adding path '/Users/ericang/implookGIT/implook-VERSIONS/0-CONTROL_131216/0-CONTROL-SIMPLE'
2013-12-16 14:54:57,007 - ResourceCache: initialized (class org.apache.velocity.runtime.resource.ResourceCacheImpl)
2013-12-16 14:54:57,008 - Loaded System Directive: org.apache.velocity.runtime.directive.Literal
2013-12-16 14:54:57,009 - Loaded System Directive: org.apache.velocity.runtime.directive.Macro
2013-12-16 14:54:57,011 - Loaded System Directive: org.apache.velocity.runtime.directive.Parse
2013-12-16 14:54:57,012 - Loaded System Directive: org.apache.velocity.runtime.directive.Include
2013-12-16 14:54:57,012 - Loaded System Directive: org.apache.velocity.runtime.directive.Foreach
2013-12-16 14:54:57,033 - Created '20' parsers.
2013-12-16 14:54:57,038 - Velocimacro : "velocimacro.library" is not set.  Trying default library: VM_global_library.vm
2013-12-16 14:54:57,038 - Velocimacro : Default library not found.
2013-12-16 14:54:57,038 - Velocimacro : allowInline = true : VMs can be defined inline in templates
2013-12-16 14:54:57,039 - Velocimacro : allowInlineToOverride = false : VMs defined inline may NOT replace previous VM definitions
2013-12-16 14:54:57,039 - Velocimacro : allowInlineLocal = false : VMs defined inline will be global in scope if allowed.
2013-12-16 14:54:57,039 - Velocimacro : autoload off : VM system will not automatically reload global library macros
2013-12-16 14:54:57,043 - ResourceManager : found eyimplook.question with loader org.apache.velocity.runtime.resource.loader.FileResourceLoader
2013-12-16 14:54:57,050 - Log4JLogChute initialized using file 'velocity.log'
2013-12-16 14:54:57,050 - Log4JLogChute initialized using file 'velocity.log'
2013-12-16 14:54:57,050 - Starting Apache Velocity v1.5 (compiled: 2007-02-22 08:52:29)
2013-12-16 14:54:57,050 - Starting Apache Velocity v1.5 (compiled: 2007-02-22 08:52:29)
2013-12-16 14:54:57,050 - Default Properties File: org/apache/velocity/runtime/defaults/velocity.properties
2013-12-16 14:54:57,050 - Default Properties File: org/apache/velocity/runtime/defaults/velocity.properties
2013-12-16 14:54:57,050 - Trying to use logger class org.apache.velocity.runtime.log.AvalonLogChute
2013-12-16 14:54:57,050 - Trying to use logger class org.apache.velocity.runtime.log.AvalonLogChute
2013-12-16 14:54:57,050 - Couldn't find class org.apache.velocity.runtime.log.AvalonLogChute or necessary supporting classes in classpath.
java.lang.NoClassDefFoundError: org/apache/log/format/Formatter
	at java.lang.Class.forName0(Native Method)
	at java.lang.Class.forName(Class.java:270)
	at org.apache.velocity.util.ClassUtils.getClass(ClassUtils.java:63)
	at org.apache.velocity.util.ClassUtils.getNewInstance(ClassUtils.java:95)
	at org.apache.velocity.runtime.log.LogManager.createLogChute(LogManager.java:147)
	at org.apache.velocity.runtime.log.LogManager.updateLog(LogManager.java:208)
	at org.apache.velocity.runtime.RuntimeInstance.initializeLog(RuntimeInstance.java:728)
	at org.apache.velocity.runtime.RuntimeInstance.init(RuntimeInstance.java:240)
	at org.apache.velocity.runtime.RuntimeSingleton.init(RuntimeSingleton.java:113)
	at org.apache.velocity.app.Velocity.init(Velocity.java:83)
	at com.amazonaws.mturk.util.VelocityUtil.doMerge(VelocityUtil.java:34)
	at com.amazonaws.mturk.addon.HITProperties.getMaxAssignments(HITProperties.java:268)
	at com.amazonaws.mturk.cmd.LoadHITs.loadHITs(LoadHITs.java:226)
	at com.amazonaws.mturk.cmd.LoadHITs.runCommand(LoadHITs.java:120)
	at com.amazonaws.mturk.cmd.AbstractCmd.run(AbstractCmd.java:148)
	at com.amazonaws.mturk.cmd.LoadHITs.main(LoadHITs.java:55)
Caused by: java.lang.ClassNotFoundException: org.apache.log.format.Formatter
	at java.net.URLClassLoader$1.run(URLClassLoader.java:366)
	at java.net.URLClassLoader$1.run(URLClassLoader.java:355)
	at java.security.AccessController.doPrivileged(Native Method)
	at java.net.URLClassLoader.findClass(URLClassLoader.java:354)
	at java.lang.ClassLoader.loadClass(ClassLoader.java:425)
	at sun.misc.Launcher$AppClassLoader.loadClass(Launcher.java:308)
	at java.lang.ClassLoader.loadClass(ClassLoader.java:358)
	... 16 more
2013-12-16 14:54:57,050 - Couldn't find class org.apache.velocity.runtime.log.AvalonLogChute or necessary supporting classes in classpath.
java.lang.NoClassDefFoundError: org/apache/log/format/Formatter
	at java.lang.Class.forName0(Native Method)
	at java.lang.Class.forName(Class.java:270)
	at org.apache.velocity.util.ClassUtils.getClass(ClassUtils.java:63)
	at org.apache.velocity.util.ClassUtils.getNewInstance(ClassUtils.java:95)
	at org.apache.velocity.runtime.log.LogManager.createLogChute(LogManager.java:147)
	at org.apache.velocity.runtime.log.LogManager.updateLog(LogManager.java:208)
	at org.apache.velocity.runtime.RuntimeInstance.initializeLog(RuntimeInstance.java:728)
	at org.apache.velocity.runtime.RuntimeInstance.init(RuntimeInstance.java:240)
	at org.apache.velocity.runtime.RuntimeSingleton.init(RuntimeSingleton.java:113)
	at org.apache.velocity.app.Velocity.init(Velocity.java:83)
	at com.amazonaws.mturk.util.VelocityUtil.doMerge(VelocityUtil.java:34)
	at com.amazonaws.mturk.addon.HITProperties.getMaxAssignments(HITProperties.java:268)
	at com.amazonaws.mturk.cmd.LoadHITs.loadHITs(LoadHITs.java:226)
	at com.amazonaws.mturk.cmd.LoadHITs.runCommand(LoadHITs.java:120)
	at com.amazonaws.mturk.cmd.AbstractCmd.run(AbstractCmd.java:148)
	at com.amazonaws.mturk.cmd.LoadHITs.main(LoadHITs.java:55)
Caused by: java.lang.ClassNotFoundException: org.apache.log.format.Formatter
	at java.net.URLClassLoader$1.run(URLClassLoader.java:366)
	at java.net.URLClassLoader$1.run(URLClassLoader.java:355)
	at java.security.AccessController.doPrivileged(Native Method)
	at java.net.URLClassLoader.findClass(URLClassLoader.java:354)
	at java.lang.ClassLoader.loadClass(ClassLoader.java:425)
	at sun.misc.Launcher$AppClassLoader.loadClass(Launcher.java:308)
	at java.lang.ClassLoader.loadClass(ClassLoader.java:358)
	... 16 more
2013-12-16 14:54:57,051 - Trying to use logger class org.apache.velocity.runtime.log.Log4JLogChute
2013-12-16 14:54:57,051 - Trying to use logger class org.apache.velocity.runtime.log.Log4JLogChute
2013-12-16 14:54:57,051 - Using logger class org.apache.velocity.runtime.log.Log4JLogChute
2013-12-16 14:54:57,051 - Using logger class org.apache.velocity.runtime.log.Log4JLogChute
2013-12-16 14:54:57,051 - Default ResourceManager initializing. (class org.apache.velocity.runtime.resource.ResourceManagerImpl)
2013-12-16 14:54:57,051 - Default ResourceManager initializing. (class org.apache.velocity.runtime.resource.ResourceManagerImpl)
2013-12-16 14:54:57,051 - ResourceLoader instantiated: org.apache.velocity.runtime.resource.loader.FileResourceLoader
2013-12-16 14:54:57,051 - ResourceLoader instantiated: org.apache.velocity.runtime.resource.loader.FileResourceLoader
2013-12-16 14:54:57,051 - Do unicode file recognition:  false
2013-12-16 14:54:57,051 - Do unicode file recognition:  false
2013-12-16 14:54:57,051 - FileResourceLoader : adding path '.'
2013-12-16 14:54:57,051 - FileResourceLoader : adding path '.'
2013-12-16 14:54:57,051 - ResourceCache: initialized (class org.apache.velocity.runtime.resource.ResourceCacheImpl)
2013-12-16 14:54:57,051 - ResourceCache: initialized (class org.apache.velocity.runtime.resource.ResourceCacheImpl)
2013-12-16 14:54:57,052 - Loaded System Directive: org.apache.velocity.runtime.directive.Literal
2013-12-16 14:54:57,052 - Loaded System Directive: org.apache.velocity.runtime.directive.Literal
2013-12-16 14:54:57,052 - Loaded System Directive: org.apache.velocity.runtime.directive.Macro
2013-12-16 14:54:57,052 - Loaded System Directive: org.apache.velocity.runtime.directive.Macro
2013-12-16 14:54:57,052 - Loaded System Directive: org.apache.velocity.runtime.directive.Parse
2013-12-16 14:54:57,052 - Loaded System Directive: org.apache.velocity.runtime.directive.Parse
2013-12-16 14:54:57,052 - Loaded System Directive: org.apache.velocity.runtime.directive.Include
2013-12-16 14:54:57,052 - Loaded System Directive: org.apache.velocity.runtime.directive.Include
2013-12-16 14:54:57,052 - Loaded System Directive: org.apache.velocity.runtime.directive.Foreach
2013-12-16 14:54:57,052 - Loaded System Directive: org.apache.velocity.runtime.directive.Foreach
2013-12-16 14:54:57,054 - Created '20' parsers.
2013-12-16 14:54:57,054 - Created '20' parsers.
2013-12-16 14:54:57,054 - Velocimacro : "velocimacro.library" is not set.  Trying default library: VM_global_library.vm
2013-12-16 14:54:57,054 - Velocimacro : "velocimacro.library" is not set.  Trying default library: VM_global_library.vm
2013-12-16 14:54:57,054 - Velocimacro : Default library not found.
2013-12-16 14:54:57,054 - Velocimacro : Default library not found.
2013-12-16 14:54:57,054 - Velocimacro : allowInline = true : VMs can be defined inline in templates
2013-12-16 14:54:57,054 - Velocimacro : allowInline = true : VMs can be defined inline in templates
2013-12-16 14:54:57,054 - Velocimacro : allowInlineToOverride = false : VMs defined inline may NOT replace previous VM definitions
2013-12-16 14:54:57,054 - Velocimacro : allowInlineToOverride = false : VMs defined inline may NOT replace previous VM definitions
2013-12-16 14:54:57,054 - Velocimacro : allowInlineLocal = false : VMs defined inline will be global in scope if allowed.
2013-12-16 14:54:57,054 - Velocimacro : allowInlineLocal = false : VMs defined inline will be global in scope if allowed.
2013-12-16 14:54:57,054 - Velocimacro : autoload off : VM system will not automatically reload global library macros
2013-12-16 14:54:57,054 - Velocimacro : autoload off : VM system will not automatically reload global library macros
2013-12-16 14:55:28,346 - Log4JLogChute initialized using file 'velocity.log'
2013-12-16 14:55:28,347 - Starting Apache Velocity v1.5 (compiled: 2007-02-22 08:52:29)
2013-12-16 14:55:28,347 - Default Properties File: org/apache/velocity/runtime/defaults/velocity.properties
2013-12-16 14:55:28,347 - Trying to use logger class org.apache.velocity.runtime.log.AvalonLogChute
2013-12-16 14:55:28,347 - Couldn't find class org.apache.velocity.runtime.log.AvalonLogChute or necessary supporting classes in classpath.
java.lang.NoClassDefFoundError: org/apache/log/format/Formatter
	at java.lang.Class.forName0(Native Method)
	at java.lang.Class.forName(Class.java:270)
	at org.apache.velocity.util.ClassUtils.getClass(ClassUtils.java:63)
	at org.apache.velocity.util.ClassUtils.getNewInstance(ClassUtils.java:95)
	at org.apache.velocity.runtime.log.LogManager.createLogChute(LogManager.java:147)
	at org.apache.velocity.runtime.log.LogManager.updateLog(LogManager.java:208)
	at org.apache.velocity.runtime.RuntimeInstance.initializeLog(RuntimeInstance.java:728)
	at org.apache.velocity.runtime.RuntimeInstance.init(RuntimeInstance.java:240)
	at org.apache.velocity.runtime.RuntimeInstance.init(RuntimeInstance.java:534)
	at org.apache.velocity.app.VelocityEngine.init(VelocityEngine.java:144)
	at com.amazonaws.mturk.addon.HITQuestion.<init>(HITQuestion.java:69)
	at com.amazonaws.mturk.cmd.LoadHITs.loadHITs(LoadHITs.java:185)
	at com.amazonaws.mturk.cmd.LoadHITs.runCommand(LoadHITs.java:120)
	at com.amazonaws.mturk.cmd.AbstractCmd.run(AbstractCmd.java:148)
	at com.amazonaws.mturk.cmd.LoadHITs.main(LoadHITs.java:55)
Caused by: java.lang.ClassNotFoundException: org.apache.log.format.Formatter
	at java.net.URLClassLoader$1.run(URLClassLoader.java:366)
	at java.net.URLClassLoader$1.run(URLClassLoader.java:355)
	at java.security.AccessController.doPrivileged(Native Method)
	at java.net.URLClassLoader.findClass(URLClassLoader.java:354)
	at java.lang.ClassLoader.loadClass(ClassLoader.java:425)
	at sun.misc.Launcher$AppClassLoader.loadClass(Launcher.java:308)
	at java.lang.ClassLoader.loadClass(ClassLoader.java:358)
	... 15 more
2013-12-16 14:55:28,348 - Trying to use logger class org.apache.velocity.runtime.log.Log4JLogChute
2013-12-16 14:55:28,349 - Using logger class org.apache.velocity.runtime.log.Log4JLogChute
2013-12-16 14:55:28,351 - Default ResourceManager initializing. (class org.apache.velocity.runtime.resource.ResourceManagerImpl)
2013-12-16 14:55:28,353 - ResourceLoader instantiated: org.apache.velocity.runtime.resource.loader.FileResourceLoader
2013-12-16 14:55:28,354 - Do unicode file recognition:  false
2013-12-16 14:55:28,355 - FileResourceLoader : adding path '/Users/ericang/implookGIT/implook-VERSIONS/0-CONTROL_131216/0-CONTROL-IGNO'
2013-12-16 14:55:28,364 - ResourceCache: initialized (class org.apache.velocity.runtime.resource.ResourceCacheImpl)
2013-12-16 14:55:28,365 - Loaded System Directive: org.apache.velocity.runtime.directive.Literal
2013-12-16 14:55:28,366 - Loaded System Directive: org.apache.velocity.runtime.directive.Macro
2013-12-16 14:55:28,367 - Loaded System Directive: org.apache.velocity.runtime.directive.Parse
2013-12-16 14:55:28,368 - Loaded System Directive: org.apache.velocity.runtime.directive.Include
2013-12-16 14:55:28,369 - Loaded System Directive: org.apache.velocity.runtime.directive.Foreach
2013-12-16 14:55:28,389 - Created '20' parsers.
2013-12-16 14:55:28,395 - Velocimacro : "velocimacro.library" is not set.  Trying default library: VM_global_library.vm
2013-12-16 14:55:28,395 - Velocimacro : Default library not found.
2013-12-16 14:55:28,395 - Velocimacro : allowInline = true : VMs can be defined inline in templates
2013-12-16 14:55:28,395 - Velocimacro : allowInlineToOverride = false : VMs defined inline may NOT replace previous VM definitions
2013-12-16 14:55:28,395 - Velocimacro : allowInlineLocal = false : VMs defined inline will be global in scope if allowed.
2013-12-16 14:55:28,395 - Velocimacro : autoload off : VM system will not automatically reload global library macros
2013-12-16 14:55:28,400 - ResourceManager : found eyimplook.question with loader org.apache.velocity.runtime.resource.loader.FileResourceLoader
2013-12-16 14:55:28,406 - Log4JLogChute initialized using file 'velocity.log'
2013-12-16 14:55:28,406 - Log4JLogChute initialized using file 'velocity.log'
2013-12-16 14:55:28,406 - Starting Apache Velocity v1.5 (compiled: 2007-02-22 08:52:29)
2013-12-16 14:55:28,406 - Starting Apache Velocity v1.5 (compiled: 2007-02-22 08:52:29)
2013-12-16 14:55:28,406 - Default Properties File: org/apache/velocity/runtime/defaults/velocity.properties
2013-12-16 14:55:28,406 - Default Properties File: org/apache/velocity/runtime/defaults/velocity.properties
2013-12-16 14:55:28,406 - Trying to use logger class org.apache.velocity.runtime.log.AvalonLogChute
2013-12-16 14:55:28,406 - Trying to use logger class org.apache.velocity.runtime.log.AvalonLogChute
2013-12-16 14:55:28,406 - Couldn't find class org.apache.velocity.runtime.log.AvalonLogChute or necessary supporting classes in classpath.
java.lang.NoClassDefFoundError: org/apache/log/format/Formatter
	at java.lang.Class.forName0(Native Method)
	at java.lang.Class.forName(Class.java:270)
	at org.apache.velocity.util.ClassUtils.getClass(ClassUtils.java:63)
	at org.apache.velocity.util.ClassUtils.getNewInstance(ClassUtils.java:95)
	at org.apache.velocity.runtime.log.LogManager.createLogChute(LogManager.java:147)
	at org.apache.velocity.runtime.log.LogManager.updateLog(LogManager.java:208)
	at org.apache.velocity.runtime.RuntimeInstance.initializeLog(RuntimeInstance.java:728)
	at org.apache.velocity.runtime.RuntimeInstance.init(RuntimeInstance.java:240)
	at org.apache.velocity.runtime.RuntimeSingleton.init(RuntimeSingleton.java:113)
	at org.apache.velocity.app.Velocity.init(Velocity.java:83)
	at com.amazonaws.mturk.util.VelocityUtil.doMerge(VelocityUtil.java:34)
	at com.amazonaws.mturk.addon.HITProperties.getMaxAssignments(HITProperties.java:268)
	at com.amazonaws.mturk.cmd.LoadHITs.loadHITs(LoadHITs.java:226)
	at com.amazonaws.mturk.cmd.LoadHITs.runCommand(LoadHITs.java:120)
	at com.amazonaws.mturk.cmd.AbstractCmd.run(AbstractCmd.java:148)
	at com.amazonaws.mturk.cmd.LoadHITs.main(LoadHITs.java:55)
Caused by: java.lang.ClassNotFoundException: org.apache.log.format.Formatter
	at java.net.URLClassLoader$1.run(URLClassLoader.java:366)
	at java.net.URLClassLoader$1.run(URLClassLoader.java:355)
	at java.security.AccessController.doPrivileged(Native Method)
	at java.net.URLClassLoader.findClass(URLClassLoader.java:354)
	at java.lang.ClassLoader.loadClass(ClassLoader.java:425)
	at sun.misc.Launcher$AppClassLoader.loadClass(Launcher.java:308)
	at java.lang.ClassLoader.loadClass(ClassLoader.java:358)
	... 16 more
2013-12-16 14:55:28,406 - Couldn't find class org.apache.velocity.runtime.log.AvalonLogChute or necessary supporting classes in classpath.
java.lang.NoClassDefFoundError: org/apache/log/format/Formatter
	at java.lang.Class.forName0(Native Method)
	at java.lang.Class.forName(Class.java:270)
	at org.apache.velocity.util.ClassUtils.getClass(ClassUtils.java:63)
	at org.apache.velocity.util.ClassUtils.getNewInstance(ClassUtils.java:95)
	at org.apache.velocity.runtime.log.LogManager.createLogChute(LogManager.java:147)
	at org.apache.velocity.runtime.log.LogManager.updateLog(LogManager.java:208)
	at org.apache.velocity.runtime.RuntimeInstance.initializeLog(RuntimeInstance.java:728)
	at org.apache.velocity.runtime.RuntimeInstance.init(RuntimeInstance.java:240)
	at org.apache.velocity.runtime.RuntimeSingleton.init(RuntimeSingleton.java:113)
	at org.apache.velocity.app.Velocity.init(Velocity.java:83)
	at com.amazonaws.mturk.util.VelocityUtil.doMerge(VelocityUtil.java:34)
	at com.amazonaws.mturk.addon.HITProperties.getMaxAssignments(HITProperties.java:268)
	at com.amazonaws.mturk.cmd.LoadHITs.loadHITs(LoadHITs.java:226)
	at com.amazonaws.mturk.cmd.LoadHITs.runCommand(LoadHITs.java:120)
	at com.amazonaws.mturk.cmd.AbstractCmd.run(AbstractCmd.java:148)
	at com.amazonaws.mturk.cmd.LoadHITs.main(LoadHITs.java:55)
Caused by: java.lang.ClassNotFoundException: org.apache.log.format.Formatter
	at java.net.URLClassLoader$1.run(URLClassLoader.java:366)
	at java.net.URLClassLoader$1.run(URLClassLoader.java:355)
	at java.security.AccessController.doPrivileged(Native Method)
	at java.net.URLClassLoader.findClass(URLClassLoader.java:354)
	at java.lang.ClassLoader.loadClass(ClassLoader.java:425)
	at sun.misc.Launcher$AppClassLoader.loadClass(Launcher.java:308)
	at java.lang.ClassLoader.loadClass(ClassLoader.java:358)
	... 16 more
2013-12-16 14:55:28,407 - Trying to use logger class org.apache.velocity.runtime.log.Log4JLogChute
2013-12-16 14:55:28,407 - Trying to use logger class org.apache.velocity.runtime.log.Log4JLogChute
2013-12-16 14:55:28,407 - Using logger class org.apache.velocity.runtime.log.Log4JLogChute
2013-12-16 14:55:28,407 - Using logger class org.apache.velocity.runtime.log.Log4JLogChute
2013-12-16 14:55:28,408 - Default ResourceManager initializing. (class org.apache.velocity.runtime.resource.ResourceManagerImpl)
2013-12-16 14:55:28,408 - Default ResourceManager initializing. (class org.apache.velocity.runtime.resource.ResourceManagerImpl)
2013-12-16 14:55:28,408 - ResourceLoader instantiated: org.apache.velocity.runtime.resource.loader.FileResourceLoader
2013-12-16 14:55:28,408 - ResourceLoader instantiated: org.apache.velocity.runtime.resource.loader.FileResourceLoader
2013-12-16 14:55:28,408 - Do unicode file recognition:  false
2013-12-16 14:55:28,408 - Do unicode file recognition:  false
2013-12-16 14:55:28,408 - FileResourceLoader : adding path '.'
2013-12-16 14:55:28,408 - FileResourceLoader : adding path '.'
2013-12-16 14:55:28,408 - ResourceCache: initialized (class org.apache.velocity.runtime.resource.ResourceCacheImpl)
2013-12-16 14:55:28,408 - ResourceCache: initialized (class org.apache.velocity.runtime.resource.ResourceCacheImpl)
2013-12-16 14:55:28,408 - Loaded System Directive: org.apache.velocity.runtime.directive.Literal
2013-12-16 14:55:28,408 - Loaded System Directive: org.apache.velocity.runtime.directive.Literal
2013-12-16 14:55:28,408 - Loaded System Directive: org.apache.velocity.runtime.directive.Macro
2013-12-16 14:55:28,408 - Loaded System Directive: org.apache.velocity.runtime.directive.Macro
2013-12-16 14:55:28,408 - Loaded System Directive: org.apache.velocity.runtime.directive.Parse
2013-12-16 14:55:28,408 - Loaded System Directive: org.apache.velocity.runtime.directive.Parse
2013-12-16 14:55:28,409 - Loaded System Directive: org.apache.velocity.runtime.directive.Include
2013-12-16 14:55:28,409 - Loaded System Directive: org.apache.velocity.runtime.directive.Include
2013-12-16 14:55:28,409 - Loaded System Directive: org.apache.velocity.runtime.directive.Foreach
2013-12-16 14:55:28,409 - Loaded System Directive: org.apache.velocity.runtime.directive.Foreach
2013-12-16 14:55:28,410 - Created '20' parsers.
2013-12-16 14:55:28,410 - Created '20' parsers.
2013-12-16 14:55:28,410 - Velocimacro : "velocimacro.library" is not set.  Trying default library: VM_global_library.vm
2013-12-16 14:55:28,410 - Velocimacro : "velocimacro.library" is not set.  Trying default library: VM_global_library.vm
2013-12-16 14:55:28,410 - Velocimacro : Default library not found.
2013-12-16 14:55:28,410 - Velocimacro : Default library not found.
2013-12-16 14:55:28,410 - Velocimacro : allowInline = true : VMs can be defined inline in templates
2013-12-16 14:55:28,410 - Velocimacro : allowInline = true : VMs can be defined inline in templates
2013-12-16 14:55:28,410 - Velocimacro : allowInlineToOverride = false : VMs defined inline may NOT replace previous VM definitions
2013-12-16 14:55:28,410 - Velocimacro : allowInlineToOverride = false : VMs defined inline may NOT replace previous VM definitions
2013-12-16 14:55:28,410 - Velocimacro : allowInlineLocal = false : VMs defined inline will be global in scope if allowed.
2013-12-16 14:55:28,410 - Velocimacro : allowInlineLocal = false : VMs defined inline will be global in scope if allowed.
2013-12-16 14:55:28,410 - Velocimacro : autoload off : VM system will not automatically reload global library macros
2013-12-16 14:55:28,410 - Velocimacro : autoload off : VM system will not automatically reload global library macros
2013-12-16 15:09:05,140 - Log4JLogChute initialized using file 'velocity.log'
2013-12-16 15:09:05,140 - Starting Apache Velocity v1.5 (compiled: 2007-02-22 08:52:29)
2013-12-16 15:09:05,140 - Default Properties File: org/apache/velocity/runtime/defaults/velocity.properties
2013-12-16 15:09:05,140 - Trying to use logger class org.apache.velocity.runtime.log.AvalonLogChute
2013-12-16 15:09:05,141 - Couldn't find class org.apache.velocity.runtime.log.AvalonLogChute or necessary supporting classes in classpath.
java.lang.NoClassDefFoundError: org/apache/log/format/Formatter
	at java.lang.Class.forName0(Native Method)
	at java.lang.Class.forName(Class.java:270)
	at org.apache.velocity.util.ClassUtils.getClass(ClassUtils.java:63)
	at org.apache.velocity.util.ClassUtils.getNewInstance(ClassUtils.java:95)
	at org.apache.velocity.runtime.log.LogManager.createLogChute(LogManager.java:147)
	at org.apache.velocity.runtime.log.LogManager.updateLog(LogManager.java:208)
	at org.apache.velocity.runtime.RuntimeInstance.initializeLog(RuntimeInstance.java:728)
	at org.apache.velocity.runtime.RuntimeInstance.init(RuntimeInstance.java:240)
	at org.apache.velocity.runtime.RuntimeInstance.init(RuntimeInstance.java:534)
	at org.apache.velocity.app.VelocityEngine.init(VelocityEngine.java:144)
	at com.amazonaws.mturk.addon.HITQuestion.<init>(HITQuestion.java:69)
	at com.amazonaws.mturk.cmd.LoadHITs.loadHITs(LoadHITs.java:185)
	at com.amazonaws.mturk.cmd.LoadHITs.runCommand(LoadHITs.java:120)
	at com.amazonaws.mturk.cmd.AbstractCmd.run(AbstractCmd.java:148)
	at com.amazonaws.mturk.cmd.LoadHITs.main(LoadHITs.java:55)
Caused by: java.lang.ClassNotFoundException: org.apache.log.format.Formatter
	at java.net.URLClassLoader$1.run(URLClassLoader.java:366)
	at java.net.URLClassLoader$1.run(URLClassLoader.java:355)
	at java.security.AccessController.doPrivileged(Native Method)
	at java.net.URLClassLoader.findClass(URLClassLoader.java:354)
	at java.lang.ClassLoader.loadClass(ClassLoader.java:425)
	at sun.misc.Launcher$AppClassLoader.loadClass(Launcher.java:308)
	at java.lang.ClassLoader.loadClass(ClassLoader.java:358)
	... 15 more
2013-12-16 15:09:05,143 - Trying to use logger class org.apache.velocity.runtime.log.Log4JLogChute
2013-12-16 15:09:05,143 - Using logger class org.apache.velocity.runtime.log.Log4JLogChute
2013-12-16 15:09:05,147 - Default ResourceManager initializing. (class org.apache.velocity.runtime.resource.ResourceManagerImpl)
2013-12-16 15:09:05,151 - ResourceLoader instantiated: org.apache.velocity.runtime.resource.loader.FileResourceLoader
2013-12-16 15:09:05,152 - Do unicode file recognition:  false
2013-12-16 15:09:05,152 - FileResourceLoader : adding path '/Users/ericang/implookGIT/implook-VERSIONS/0-CONTROL_131216/0-CONTROL-IGNO'
2013-12-16 15:09:05,162 - ResourceCache: initialized (class org.apache.velocity.runtime.resource.ResourceCacheImpl)
2013-12-16 15:09:05,163 - Loaded System Directive: org.apache.velocity.runtime.directive.Literal
2013-12-16 15:09:05,164 - Loaded System Directive: org.apache.velocity.runtime.directive.Macro
2013-12-16 15:09:05,165 - Loaded System Directive: org.apache.velocity.runtime.directive.Parse
2013-12-16 15:09:05,166 - Loaded System Directive: org.apache.velocity.runtime.directive.Include
2013-12-16 15:09:05,167 - Loaded System Directive: org.apache.velocity.runtime.directive.Foreach
2013-12-16 15:09:05,187 - Created '20' parsers.
2013-12-16 15:09:05,192 - Velocimacro : "velocimacro.library" is not set.  Trying default library: VM_global_library.vm
2013-12-16 15:09:05,192 - Velocimacro : Default library not found.
2013-12-16 15:09:05,192 - Velocimacro : allowInline = true : VMs can be defined inline in templates
2013-12-16 15:09:05,192 - Velocimacro : allowInlineToOverride = false : VMs defined inline may NOT replace previous VM definitions
2013-12-16 15:09:05,192 - Velocimacro : allowInlineLocal = false : VMs defined inline will be global in scope if allowed.
2013-12-16 15:09:05,192 - Velocimacro : autoload off : VM system will not automatically reload global library macros
2013-12-16 15:09:05,197 - ResourceManager : found eyimplook.question with loader org.apache.velocity.runtime.resource.loader.FileResourceLoader
2013-12-16 15:09:05,203 - Log4JLogChute initialized using file 'velocity.log'
2013-12-16 15:09:05,203 - Log4JLogChute initialized using file 'velocity.log'
2013-12-16 15:09:05,203 - Starting Apache Velocity v1.5 (compiled: 2007-02-22 08:52:29)
2013-12-16 15:09:05,203 - Starting Apache Velocity v1.5 (compiled: 2007-02-22 08:52:29)
2013-12-16 15:09:05,203 - Default Properties File: org/apache/velocity/runtime/defaults/velocity.properties
2013-12-16 15:09:05,203 - Default Properties File: org/apache/velocity/runtime/defaults/velocity.properties
2013-12-16 15:09:05,204 - Trying to use logger class org.apache.velocity.runtime.log.AvalonLogChute
2013-12-16 15:09:05,204 - Trying to use logger class org.apache.velocity.runtime.log.AvalonLogChute
2013-12-16 15:09:05,204 - Couldn't find class org.apache.velocity.runtime.log.AvalonLogChute or necessary supporting classes in classpath.
java.lang.NoClassDefFoundError: org/apache/log/format/Formatter
	at java.lang.Class.forName0(Native Method)
	at java.lang.Class.forName(Class.java:270)
	at org.apache.velocity.util.ClassUtils.getClass(ClassUtils.java:63)
	at org.apache.velocity.util.ClassUtils.getNewInstance(ClassUtils.java:95)
	at org.apache.velocity.runtime.log.LogManager.createLogChute(LogManager.java:147)
	at org.apache.velocity.runtime.log.LogManager.updateLog(LogManager.java:208)
	at org.apache.velocity.runtime.RuntimeInstance.initializeLog(RuntimeInstance.java:728)
	at org.apache.velocity.runtime.RuntimeInstance.init(RuntimeInstance.java:240)
	at org.apache.velocity.runtime.RuntimeSingleton.init(RuntimeSingleton.java:113)
	at org.apache.velocity.app.Velocity.init(Velocity.java:83)
	at com.amazonaws.mturk.util.VelocityUtil.doMerge(VelocityUtil.java:34)
	at com.amazonaws.mturk.addon.HITProperties.getMaxAssignments(HITProperties.java:268)
	at com.amazonaws.mturk.cmd.LoadHITs.loadHITs(LoadHITs.java:226)
	at com.amazonaws.mturk.cmd.LoadHITs.runCommand(LoadHITs.java:120)
	at com.amazonaws.mturk.cmd.AbstractCmd.run(AbstractCmd.java:148)
	at com.amazonaws.mturk.cmd.LoadHITs.main(LoadHITs.java:55)
Caused by: java.lang.ClassNotFoundException: org.apache.log.format.Formatter
	at java.net.URLClassLoader$1.run(URLClassLoader.java:366)
	at java.net.URLClassLoader$1.run(URLClassLoader.java:355)
	at java.security.AccessController.doPrivileged(Native Method)
	at java.net.URLClassLoader.findClass(URLClassLoader.java:354)
	at java.lang.ClassLoader.loadClass(ClassLoader.java:425)
	at sun.misc.Launcher$AppClassLoader.loadClass(Launcher.java:308)
	at java.lang.ClassLoader.loadClass(ClassLoader.java:358)
	... 16 more
2013-12-16 15:09:05,204 - Couldn't find class org.apache.velocity.runtime.log.AvalonLogChute or necessary supporting classes in classpath.
java.lang.NoClassDefFoundError: org/apache/log/format/Formatter
	at java.lang.Class.forName0(Native Method)
	at java.lang.Class.forName(Class.java:270)
	at org.apache.velocity.util.ClassUtils.getClass(ClassUtils.java:63)
	at org.apache.velocity.util.ClassUtils.getNewInstance(ClassUtils.java:95)
	at org.apache.velocity.runtime.log.LogManager.createLogChute(LogManager.java:147)
	at org.apache.velocity.runtime.log.LogManager.updateLog(LogManager.java:208)
	at org.apache.velocity.runtime.RuntimeInstance.initializeLog(RuntimeInstance.java:728)
	at org.apache.velocity.runtime.RuntimeInstance.init(RuntimeInstance.java:240)
	at org.apache.velocity.runtime.RuntimeSingleton.init(RuntimeSingleton.java:113)
	at org.apache.velocity.app.Velocity.init(Velocity.java:83)
	at com.amazonaws.mturk.util.VelocityUtil.doMerge(VelocityUtil.java:34)
	at com.amazonaws.mturk.addon.HITProperties.getMaxAssignments(HITProperties.java:268)
	at com.amazonaws.mturk.cmd.LoadHITs.loadHITs(LoadHITs.java:226)
	at com.amazonaws.mturk.cmd.LoadHITs.runCommand(LoadHITs.java:120)
	at com.amazonaws.mturk.cmd.AbstractCmd.run(AbstractCmd.java:148)
	at com.amazonaws.mturk.cmd.LoadHITs.main(LoadHITs.java:55)
Caused by: java.lang.ClassNotFoundException: org.apache.log.format.Formatter
	at java.net.URLClassLoader$1.run(URLClassLoader.java:366)
	at java.net.URLClassLoader$1.run(URLClassLoader.java:355)
	at java.security.AccessController.doPrivileged(Native Method)
	at java.net.URLClassLoader.findClass(URLClassLoader.java:354)
	at java.lang.ClassLoader.loadClass(ClassLoader.java:425)
	at sun.misc.Launcher$AppClassLoader.loadClass(Launcher.java:308)
	at java.lang.ClassLoader.loadClass(ClassLoader.java:358)
	... 16 more
2013-12-16 15:09:05,205 - Trying to use logger class org.apache.velocity.runtime.log.Log4JLogChute
2013-12-16 15:09:05,205 - Trying to use logger class org.apache.velocity.runtime.log.Log4JLogChute
2013-12-16 15:09:05,205 - Using logger class org.apache.velocity.runtime.log.Log4JLogChute
2013-12-16 15:09:05,205 - Using logger class org.apache.velocity.runtime.log.Log4JLogChute
2013-12-16 15:09:05,205 - Default ResourceManager initializing. (class org.apache.velocity.runtime.resource.ResourceManagerImpl)
2013-12-16 15:09:05,205 - Default ResourceManager initializing. (class org.apache.velocity.runtime.resource.ResourceManagerImpl)
2013-12-16 15:09:05,205 - ResourceLoader instantiated: org.apache.velocity.runtime.resource.loader.FileResourceLoader
2013-12-16 15:09:05,205 - ResourceLoader instantiated: org.apache.velocity.runtime.resource.loader.FileResourceLoader
2013-12-16 15:09:05,205 - Do unicode file recognition:  false
2013-12-16 15:09:05,205 - Do unicode file recognition:  false
2013-12-16 15:09:05,205 - FileResourceLoader : adding path '.'
2013-12-16 15:09:05,205 - FileResourceLoader : adding path '.'
2013-12-16 15:09:05,205 - ResourceCache: initialized (class org.apache.velocity.runtime.resource.ResourceCacheImpl)
2013-12-16 15:09:05,205 - ResourceCache: initialized (class org.apache.velocity.runtime.resource.ResourceCacheImpl)
2013-12-16 15:09:05,205 - Loaded System Directive: org.apache.velocity.runtime.directive.Literal
2013-12-16 15:09:05,205 - Loaded System Directive: org.apache.velocity.runtime.directive.Literal
2013-12-16 15:09:05,206 - Loaded System Directive: org.apache.velocity.runtime.directive.Macro
2013-12-16 15:09:05,206 - Loaded System Directive: org.apache.velocity.runtime.directive.Macro
2013-12-16 15:09:05,206 - Loaded System Directive: org.apache.velocity.runtime.directive.Parse
2013-12-16 15:09:05,206 - Loaded System Directive: org.apache.velocity.runtime.directive.Parse
2013-12-16 15:09:05,206 - Loaded System Directive: org.apache.velocity.runtime.directive.Include
2013-12-16 15:09:05,206 - Loaded System Directive: org.apache.velocity.runtime.directive.Include
2013-12-16 15:09:05,206 - Loaded System Directive: org.apache.velocity.runtime.directive.Foreach
2013-12-16 15:09:05,206 - Loaded System Directive: org.apache.velocity.runtime.directive.Foreach
2013-12-16 15:09:05,207 - Created '20' parsers.
2013-12-16 15:09:05,207 - Created '20' parsers.
2013-12-16 15:09:05,207 - Velocimacro : "velocimacro.library" is not set.  Trying default library: VM_global_library.vm
2013-12-16 15:09:05,207 - Velocimacro : "velocimacro.library" is not set.  Trying default library: VM_global_library.vm
2013-12-16 15:09:05,207 - Velocimacro : Default library not found.
2013-12-16 15:09:05,207 - Velocimacro : Default library not found.
2013-12-16 15:09:05,207 - Velocimacro : allowInline = true : VMs can be defined inline in templates
2013-12-16 15:09:05,207 - Velocimacro : allowInline = true : VMs can be defined inline in templates
2013-12-16 15:09:05,207 - Velocimacro : allowInlineToOverride = false : VMs defined inline may NOT replace previous VM definitions
2013-12-16 15:09:05,207 - Velocimacro : allowInlineToOverride = false : VMs defined inline may NOT replace previous VM definitions
2013-12-16 15:09:05,207 - Velocimacro : allowInlineLocal = false : VMs defined inline will be global in scope if allowed.
2013-12-16 15:09:05,207 - Velocimacro : allowInlineLocal = false : VMs defined inline will be global in scope if allowed.
2013-12-16 15:09:05,207 - Velocimacro : autoload off : VM system will not automatically reload global library macros
2013-12-16 15:09:05,207 - Velocimacro : autoload off : VM system will not automatically reload global library macros
