[2013-12-13 16:51:07] ERROR (GetBalance.java: 44) - An error occurred while fetching your balance: This request must be made over a secure channel. You must use 'https' rather than 'http'.
com.amazonaws.mturk.service.exception.InternalServiceException: This request must be made over a secure channel. You must use 'https' rather than 'http'.
	at com.amazonaws.mturk.service.axis.AWSService.executeRequestMessage(AWSService.java:243)
	at com.amazonaws.mturk.filter.FinalFilter.execute(FinalFilter.java:38)
	at com.amazonaws.mturk.filter.Filter.passMessage(Filter.java:56)
	at com.amazonaws.mturk.filter.ErrorProcessingFilter.execute(ErrorProcessingFilter.java:46)
	at com.amazonaws.mturk.filter.Filter.passMessage(Filter.java:56)
	at com.amazonaws.mturk.filter.RetryFilter.execute(RetryFilter.java:115)
	at com.amazonaws.mturk.filter.Filter.passMessage(Filter.java:56)
	at com.amazonaws.mturk.util.CLTExceptionFilter.sendMessage(CLTExceptionFilter.java:77)
	at com.amazonaws.mturk.util.CLTExceptionFilter.execute(CLTExceptionFilter.java:62)
	at com.amazonaws.mturk.service.axis.FilteredAWSService.executeRequests(FilteredAWSService.java:172)
	at com.amazonaws.mturk.service.axis.FilteredAWSService.executeRequest(FilteredAWSService.java:152)
	at com.amazonaws.mturk.service.axis.FilteredAWSService.executeRequest(FilteredAWSService.java:116)
	at com.amazonaws.mturk.service.axis.RequesterServiceRaw.getAccountBalance(RequesterServiceRaw.java:1193)
	at com.amazonaws.mturk.service.axis.RequesterService.getAccountBalance(RequesterService.java:922)
	at com.amazonaws.mturk.cmd.GetBalance.getBalance(GetBalance.java:50)
	at com.amazonaws.mturk.cmd.GetBalance.runCommand(GetBalance.java:41)
	at com.amazonaws.mturk.cmd.AbstractCmd.run(AbstractCmd.java:148)
	at com.amazonaws.mturk.cmd.GetBalance.main(GetBalance.java:28)
Caused by: This request must be made over a secure channel. You must use 'https' rather than 'http'.
	at org.apache.axis.message.SOAPFaultBuilder.createFault(SOAPFaultBuilder.java:222)
	at org.apache.axis.message.SOAPFaultBuilder.endElement(SOAPFaultBuilder.java:129)
	at org.apache.axis.encoding.DeserializationContext.endElement(DeserializationContext.java:1087)
	at org.apache.xerces.parsers.AbstractSAXParser.endElement(Unknown Source)
	at org.apache.xerces.impl.XMLNSDocumentScannerImpl.scanEndElement(Unknown Source)
	at org.apache.xerces.impl.XMLDocumentFragmentScannerImpl$FragmentContentDispatcher.dispatch(Unknown Source)
	at org.apache.xerces.impl.XMLDocumentFragmentScannerImpl.scanDocument(Unknown Source)
	at org.apache.xerces.parsers.XML11Configuration.parse(Unknown Source)
	at org.apache.xerces.parsers.XML11Configuration.parse(Unknown Source)
	at org.apache.xerces.parsers.XMLParser.parse(Unknown Source)
	at org.apache.xerces.parsers.AbstractSAXParser.parse(Unknown Source)
	at org.apache.xerces.jaxp.SAXParserImpl$JAXPSAXParser.parse(Unknown Source)
	at org.apache.xerces.jaxp.SAXParserImpl.parse(Unknown Source)
	at org.apache.axis.encoding.DeserializationContext.parse(DeserializationContext.java:227)
	at org.apache.axis.SOAPPart.getAsSOAPEnvelope(SOAPPart.java:696)
	at org.apache.axis.Message.getSOAPEnvelope(Message.java:435)
	at org.apache.axis.handlers.soap.MustUnderstandChecker.invoke(MustUnderstandChecker.java:62)
	at org.apache.axis.client.AxisClient.invoke(AxisClient.java:206)
	at org.apache.axis.client.Call.invokeEngine(Call.java:2784)
	at org.apache.axis.client.Call.invoke(Call.java:2767)
	at org.apache.axis.client.Call.invoke(Call.java:2443)
	at org.apache.axis.client.Call.invoke(Call.java:2366)
	at org.apache.axis.client.Call.invoke(Call.java:1812)
	at com.amazonaws.mturk.requester.AWSMechanicalTurkRequesterBindingStub.getAccountBalance(Unknown Source)
	at sun.reflect.NativeMethodAccessorImpl.invoke0(Native Method)
	at sun.reflect.NativeMethodAccessorImpl.invoke(NativeMethodAccessorImpl.java:57)
	at sun.reflect.DelegatingMethodAccessorImpl.invoke(DelegatingMethodAccessorImpl.java:43)
	at java.lang.reflect.Method.invoke(Method.java:606)
	at com.amazonaws.mturk.service.axis.AWSService.executeRequestMessage(AWSService.java:220)
	... 17 more
[2013-12-13 16:52:09] ERROR (GetBalance.java: 44) - An error occurred while fetching your balance: Error executing operation: Error #1 for RequestId: 60a97eed-2939-44b8-bb72-f29fac95dbac - AWS.MechanicalTurk.UnacceptableIdentity: AWS Identity and Access Management (IAM) user accounts cannot be used for Amazon Mechanical Turk. (1386982329135)
com.amazonaws.mturk.service.exception.InternalServiceException: Error executing operation: Error #1 for RequestId: 60a97eed-2939-44b8-bb72-f29fac95dbac - AWS.MechanicalTurk.UnacceptableIdentity: AWS Identity and Access Management (IAM) user accounts cannot be used for Amazon Mechanical Turk. (1386982329135)
	at com.amazonaws.mturk.filter.ErrorProcessingFilter.processErrors(ErrorProcessingFilter.java:158)
	at com.amazonaws.mturk.filter.ErrorProcessingFilter.execute(ErrorProcessingFilter.java:48)
	at com.amazonaws.mturk.filter.Filter.passMessage(Filter.java:56)
	at com.amazonaws.mturk.filter.RetryFilter.execute(RetryFilter.java:115)
	at com.amazonaws.mturk.filter.Filter.passMessage(Filter.java:56)
	at com.amazonaws.mturk.util.CLTExceptionFilter.sendMessage(CLTExceptionFilter.java:77)
	at com.amazonaws.mturk.util.CLTExceptionFilter.execute(CLTExceptionFilter.java:62)
	at com.amazonaws.mturk.service.axis.FilteredAWSService.executeRequests(FilteredAWSService.java:172)
	at com.amazonaws.mturk.service.axis.FilteredAWSService.executeRequest(FilteredAWSService.java:152)
	at com.amazonaws.mturk.service.axis.FilteredAWSService.executeRequest(FilteredAWSService.java:116)
	at com.amazonaws.mturk.service.axis.RequesterServiceRaw.getAccountBalance(RequesterServiceRaw.java:1193)
	at com.amazonaws.mturk.service.axis.RequesterService.getAccountBalance(RequesterService.java:922)
	at com.amazonaws.mturk.cmd.GetBalance.getBalance(GetBalance.java:50)
	at com.amazonaws.mturk.cmd.GetBalance.runCommand(GetBalance.java:41)
	at com.amazonaws.mturk.cmd.AbstractCmd.run(AbstractCmd.java:148)
	at com.amazonaws.mturk.cmd.GetBalance.main(GetBalance.java:28)
[2013-12-13 16:56:43] INFO  (GetBalance.java: 51) - Your account balance: $0.00
[2013-12-14 15:03:41] INFO  (LoadHITs.java: 193) - --[Initializing]----------
[2013-12-14 15:03:41] INFO  (LoadHITs.java: 194) -  Input: /Users/ericang/implookGIT//eyimplook.input
[2013-12-14 15:03:41] INFO  (LoadHITs.java: 195) -  Properties: /Users/ericang/implookGIT//eyimplook.properties
[2013-12-14 15:03:41] INFO  (LoadHITs.java: 196) -  Question File: /Users/ericang/implookGIT//eyimplook.question
[2013-12-14 15:03:41] INFO  (LoadHITs.java: 199) -  Limiting HITs created to: 1
[2013-12-14 15:03:41] INFO  (LoadHITs.java: 202) -  Preview mode disabled
[2013-12-14 15:03:43] INFO  (LoadHITs.java: 229) - --[Loading HITs]----------
[2013-12-14 15:03:43] INFO  (LoadHITs.java: 231) -   Start time: Sat Dec 14 15:03:43 PST 2013
[2013-12-14 15:03:43] DEBUG (WorkQueue.java: 53) - Instantiating work queue with 2 threads
[2013-12-14 15:03:44] INFO  (RequesterService.java: 1548) - Created HIT 1: HITId=2J9CJK63ZVE9SXQP8Z1QCJL530M9YA
[2013-12-14 15:03:44] INFO  (RequesterService.java: 1592) - 
You may see your HIT(s) with HITTypeId '25SFYQS1CSTSZLNWR9VIF1EYDBELOZ' here: 
[2013-12-14 15:03:44] INFO  (RequesterService.java: 1593) - 
  https://workersandbox.mturk.com/mturk/preview?groupId=25SFYQS1CSTSZLNWR9VIF1EYDBELOZ

[2013-12-14 15:03:44] INFO  (LoadHITs.java: 239) -   End time: Sat Dec 14 15:03:44 PST 2013
[2013-12-14 15:03:44] INFO  (LoadHITs.java: 240) - --[Done Loading HITs]----------
[2013-12-14 15:03:44] INFO  (LoadHITs.java: 241) -   Total load time: 0 seconds.
[2013-12-14 15:03:44] INFO  (LoadHITs.java: 243) -   Successfully loaded 1 HITs.
[2013-12-14 15:55:16] INFO  (GetBalance.java: 51) - Your account balance: $10000.00
[2013-12-14 15:56:17] INFO  (GetBalance.java: 51) - Your account balance: $10000.00
